===== JOB START Fri Apr 24 18:55:12 EDT 2026 =====
[OK] Modules loaded
===== STEP 1: Setting parameters =====
[OK] Parameters set
===== STEP 2: Temperature and step calculation =====
[INFO] Temps(K): 300.000,302.599,305.221,307.866,310.533,313.224,315.937,318.675,321.436,324.221,327.030,329.863,332.721,335.604,338.512,341.445,344.403,347.387,350.397,353.433,356.495,359.584,362.699,365.842,369.012,372.209,375.434,378.687,381.968,385.277,388.615,391.982,395.379,398.804,402.260,405.745,409.260,412.806,416.383,419.991,423.629,427.300,431.002,434.736,438.503,442.302,446.135,450.000
[OK] Temperature setup done
===== STEP 3: Building system with tleap =====
[INFO] Running pdb4amber...
[INFO] Running tleap...
-I: Adding /home/jhalpin/.conda/envs/ambertools25/dat/leap/prep to search path.
-I: Adding /home/jhalpin/.conda/envs/ambertools25/dat/leap/lib to search path.
-I: Adding /home/jhalpin/.conda/envs/ambertools25/dat/leap/parm to search path.
-I: Adding /home/jhalpin/.conda/envs/ambertools25/dat/leap/cmd to search path.
-f: Source /orcd/pool/004/jhalpin/09-fragfold/RELE_simulations/amber_REMD/example/outputs/output_T-REMD/helix_fusion-1ns-REMD-300-450K-48reps-NPT/leap/helix_fusion_leap.in.

Welcome to LEaP!
(no leaprc in search path)
Sourcing: /orcd/pool/004/jhalpin/09-fragfold/RELE_simulations/amber_REMD/example/outputs/output_T-REMD/helix_fusion-1ns-REMD-300-450K-48reps-NPT/leap/helix_fusion_leap.in
----- Source: /home/jhalpin/.conda/envs/ambertools25/dat/leap/cmd/leaprc.protein.ff14SB
----- Source of /home/jhalpin/.conda/envs/ambertools25/dat/leap/cmd/leaprc.protein.ff14SB done
Log file: ./leap.log
Loading parameters: /home/jhalpin/.conda/envs/ambertools25/dat/leap/parm/parm10.dat
Reading title:
PARM99 + frcmod.ff99SB + frcmod.parmbsc0 + OL3 for RNA
Loading parameters: /home/jhalpin/.conda/envs/ambertools25/dat/leap/parm/frcmod.ff14SB
Reading force field modification type file (frcmod)
Reading title:
ff14SB protein backbone and sidechain parameters
Loading library: /home/jhalpin/.conda/envs/ambertools25/dat/leap/lib/amino12.lib
Loading library: /home/jhalpin/.conda/envs/ambertools25/dat/leap/lib/aminoct12.lib
Loading library: /home/jhalpin/.conda/envs/ambertools25/dat/leap/lib/aminont12.lib
----- Source: /home/jhalpin/.conda/envs/ambertools25/dat/leap/cmd/leaprc.water.tip3p
----- Source of /home/jhalpin/.conda/envs/ambertools25/dat/leap/cmd/leaprc.water.tip3p done
Loading library: /home/jhalpin/.conda/envs/ambertools25/dat/leap/lib/atomic_ions.lib
Loading library: /home/jhalpin/.conda/envs/ambertools25/dat/leap/lib/solvents.lib
Loading parameters: /home/jhalpin/.conda/envs/ambertools25/dat/leap/parm/frcmod.tip3p
Reading force field modification type file (frcmod)
Reading title:
This is the additional/replacement parameter set for TIP3P water
Loading parameters: /home/jhalpin/.conda/envs/ambertools25/dat/leap/parm/frcmod.ions1lm_126_tip3p
Reading force field modification type file (frcmod)
Reading title:
Li/Merz ion parameters of monovalent ions for TIP3P water model (12-6 normal usage set)
Loading parameters: /home/jhalpin/.conda/envs/ambertools25/dat/leap/parm/frcmod.ionsjc_tip3p
Reading force field modification type file (frcmod)
Reading title:
Monovalent ion parameters for Ewald and TIP3P water from Joung & Cheatham JPCB (2008)
Loading parameters: /home/jhalpin/.conda/envs/ambertools25/dat/leap/parm/frcmod.ions234lm_126_tip3p
Reading force field modification type file (frcmod)
Reading title:
Li/Merz ion parameters of divalent to tetravalent ions for TIP3P water model (12-6 normal usage set)
Loading PDB file: /orcd/pool/004/jhalpin/09-fragfold/RELE_simulations/amber_REMD/example/outputs/output_T-REMD/helix_fusion-1ns-REMD-300-450K-48reps-NPT/pdb4amber/pdb4amber.pdb
  Added missing heavy atom: .R<CMET 43>.A<OXT 18>
  total atoms in file: 332
  Leap added 342 missing atoms according to residue templates:
       1 Heavy
       341 H / lone pairs
Scaling up box by a factor of 1.385526 to meet diagonal cut criterion
  Solute vdw bounding box:              39.817 25.091 19.063
  Total bounding box for atom centers:  67.528 67.528 67.528
      (box expansion for 'iso' is  84.6%)
  Solvent unit box:                     18.774 18.774 18.774
  Volume: 160906.684 A^3 (oct)
  Total mass 83852.742 amu,  Density 0.865 g/cc
  Added 4389 residues.
4 Na+ ions required to neutralize.
Adding 4 counter ions to "prot". 4385 solvent molecules will remain.
0: Placed Na+ in prot at (-17.32, -14.79, -17.25).
0: Placed Na+ in prot at (3.53, -22.35, -14.40).
0: Placed Na+ in prot at (2.05, -17.86, 23.13).
0: Placed Na+ in prot at (-14.01, -5.99, 25.22).
Cl- has a charge of 0.
addIonsRand: Can't neutralize.
Na+ has a charge of 0.
Adding the ions anyway.
Adding 26 counter ions to "prot". 4359 solvent molecules will remain.
0: Placed Na+ in prot at (18.55, 14.57, 6.25).
Placed Cl- in prot at (-22.26, 6.00, -5.42).
2: Placed Na+ in prot at (27.41, -8.80, 1.92).
Placed Cl- in prot at (15.35, 2.83, 24.35).
4: Placed Na+ in prot at (2.36, 25.62, 9.95).
Placed Cl- in prot at (-18.62, 7.66, -10.67).
6: Placed Na+ in prot at (-6.16, 22.71, 13.58).
Placed Cl- in prot at (-2.37, 16.93, -13.27).
8: Placed Na+ in prot at (-15.92, 24.17, -6.22).
Placed Cl- in prot at (-9.23, -10.09, 13.70).
10: Placed Na+ in prot at (-6.27, -27.58, -13.58).
Placed Cl- in prot at (22.25, -3.23, -23.06).
12: Placed Na+ in prot at (11.22, -13.82, -26.24).
Placed Cl- in prot at (15.43, -4.29, -19.85).
14: Placed Na+ in prot at (-12.59, -30.92, -0.13).
Placed Cl- in prot at (25.60, 12.12, -11.42).
16: Placed Na+ in prot at (12.25, -20.61, 14.01).
Placed Cl- in prot at (-7.49, -7.84, -2.32).
18: Placed Na+ in prot at (-12.29, 10.34, 23.53).
Placed Cl- in prot at (2.32, 20.20, -6.08).
20: Placed Na+ in prot at (-5.57, 15.35, 27.65).
Placed Cl- in prot at (16.43, 17.12, -16.49).
22: Placed Na+ in prot at (-7.64, -3.21, 29.20).
Placed Cl- in prot at (26.57, 20.24, 1.99).
24: Placed Na+ in prot at (21.32, -15.41, -13.34).
Placed Cl- in prot at (18.87, 12.54, -0.09).
Checking Unit.
Building topology.
Building atom parameters.
Building bond parameters.
Building angle parameters.
Building proper torsion parameters.
Building improper torsion parameters.
 total 114 improper torsions applied
Building H-Bond parameters.
Incorporating Non-Bonded adjustments.
Not Marking per-residue atom chain types.
Marking per-residue atom chain types.
  (Residues lacking connect0/connect1 - 
   these don't have chain types marked:

	res	total affected

	CMET	1
	NTHR	1
	WAT	4359
  )
 (no restraints)
Writing pdb file: /orcd/pool/004/jhalpin/09-fragfold/RELE_simulations/amber_REMD/example/outputs/output_T-REMD/helix_fusion-1ns-REMD-300-450K-48reps-NPT/leap/helix_fusion_init.pdb
   printing CRYST1 record to PDB file with box info

/home/jhalpin/.conda/envs/ambertools25/bin/teLeap: Warning!
 Converting N-terminal residue name to PDB format: NTHR -> THR

/home/jhalpin/.conda/envs/ambertools25/bin/teLeap: Warning!
 Converting C-terminal residue name to PDB format: CMET -> MET
	Quit

Exiting LEaP: Errors = 0; Warnings = 2; Notes = 0.
[OK] tleap done
===== STEP 4: Minimization =====
[OK] Minimization complete
===== STEP 5: Start MPS on all nodes =====
[OK] MPS started
===== STEP 6: Per-replica NPT density equilibration (convergence-checked) =====
[INFO] Per-replica density segment 1 starting...

 Running multipmemd version of pmemd Amber24
    Total processors =    48
    Number of groups =    48

[INFO] Segment 1 overall mean volume: 153282.376565 Å^3
[INFO] Per-replica density segment 2 starting...

 Running multipmemd version of pmemd Amber24
    Total processors =    48
    Number of groups =    48

[INFO] Segment 2 overall mean volume: 150599.782635 Å^3
[INFO] Segment 2 relative volume change: 0.017500993852756698
[INFO] Per-replica density segment 3 starting...

 Running multipmemd version of pmemd Amber24
    Total processors =    48
    Number of groups =    48

[INFO] Segment 3 overall mean volume: 150623.841547 Å^3
[INFO] Segment 3 relative volume change: 0.00015975396231672384
[INFO] Per-replica density segment 4 starting...

 Running multipmemd version of pmemd Amber24
    Total processors =    48
    Number of groups =    48

[INFO] Segment 4 overall mean volume: 150606.106695 Å^3
[INFO] Segment 4 relative volume change: 0.00011774266157233966
[INFO] Per-replica density segment 5 starting...

 Running multipmemd version of pmemd Amber24
    Total processors =    48
    Number of groups =    48

[INFO] Segment 5 overall mean volume: 150593.016000 Å^3
[INFO] Segment 5 relative volume change: 8.692008104626401e-05
[INFO] Per-replica density segment 6 starting...

 Running multipmemd version of pmemd Amber24
    Total processors =    48
    Number of groups =    48

[INFO] Segment 6 overall mean volume: 150551.137496 Å^3
[INFO] Segment 6 relative volume change: 0.00027809061211705175
[INFO] Per-replica density segment 7 starting...

 Running multipmemd version of pmemd Amber24
    Total processors =    48
    Number of groups =    48

[INFO] Segment 7 overall mean volume: 150618.019103 Å^3
[INFO] Segment 7 relative volume change: 0.0004442451124075061
[INFO] Per-replica density segment 8 starting...

 Running multipmemd version of pmemd Amber24
    Total processors =    48
    Number of groups =    48

[INFO] Segment 8 overall mean volume: 150620.882595 Å^3
[INFO] Segment 8 relative volume change: 1.9011616385990627e-05
[INFO] Per-replica density converged at segment 8 (rel change <= 0.005).
[INFO] Per-replica density equil complete. Each replica has its own equilibrated box.
===== STEP 7: Set up per-replica NPT equilibration =====
===== STEP 8: Run NPT equil =====

 Running multipmemd version of pmemd Amber24
    Total processors =    48
    Number of groups =    48

[OK] NPT equil done
===== STEP 9: Running REMD =====
[INFO] Starting REMD production run (this will take a while...)
[INFO] Progress: check /orcd/pool/004/jhalpin/09-fragfold/RELE_simulations/amber_REMD/example/outputs/output_T-REMD/helix_fusion-1ns-REMD-300-450K-48reps-NPT/helix_fusion_rem.log for exchange statistics

 Running multipmemd version of pmemd Amber24
    Total processors =    48
    Number of groups =    48

[OK] REMD done
[OK] REMD done
===== STEP 10: Stop MPS =====
[OK] MPS stopped
===== STEP 11: Finalizing outputs =====
[OK] Final PDB exported

==========================================
===== JOB COMPLETED Fri Apr 24 19:06:50 EDT 2026 =====
==========================================
[INFO] Output directory: /orcd/pool/004/jhalpin/09-fragfold/RELE_simulations/amber_REMD/example/outputs/output_T-REMD/helix_fusion-1ns-REMD-300-450K-48reps-NPT
[INFO] Trajectories (symlinks): /orcd/pool/004/jhalpin/09-fragfold/RELE_simulations/amber_REMD/example/outputs/output_T-REMD/helix_fusion-1ns-REMD-300-450K-48reps-NPT/trajectories/*.nc.*
[INFO] Actual trajectories preserved in: /orcd/data/keating/001/jhalpin/MD/12470745_20260424-185512
[INFO] Exchange log: /orcd/pool/004/jhalpin/09-fragfold/RELE_simulations/amber_REMD/example/outputs/output_T-REMD/helix_fusion-1ns-REMD-300-450K-48reps-NPT/helix_fusion_rem.log

Next steps:
  1. Check exchange statistics: grep 'Replica' /orcd/pool/004/jhalpin/09-fragfold/RELE_simulations/amber_REMD/example/outputs/output_T-REMD/helix_fusion-1ns-REMD-300-450K-48reps-NPT/helix_fusion_rem.log | head -50
  2. Extract temperature 0 trajectory for analysis
  3. Calculate acceptance rates (should be 20-40%)
==========================================
===== STEP 12: Post-processing =====
=====================================================================
Reconstructing 300 trajectory from REMD ensemble (PARALLEL)
System: helix_fusion
Workdir: /orcd/pool/004/jhalpin/09-fragfold/RELE_simulations/amber_REMD/example/outputs/output_T-REMD/helix_fusion-1ns-REMD-300-450K-48reps-NPT
Exchange log (optional): /orcd/pool/004/jhalpin/09-fragfold/RELE_simulations/amber_REMD/example/outputs/output_T-REMD/helix_fusion-1ns-REMD-300-450K-48reps-NPT/helix_fusion_rem.log
Target Temp: 300
MPI ranks: 48  (launcher: mpirun)
=====================================================================

[INFO] cpptraj.MPI found: /home/jhalpin/.conda/envs/ambertools25/bin/cpptraj.MPI
[INFO] cpptraj command: mpirun -n 48 cpptraj.MPI
[INFO] Proceeding to collect trajectories...
[INFO] Found 48 replica trajectories:
  trajectories/helix_fusion_remd.nc.000
  trajectories/helix_fusion_remd.nc.001
  trajectories/helix_fusion_remd.nc.002
  trajectories/helix_fusion_remd.nc.003
  trajectories/helix_fusion_remd.nc.004
  trajectories/helix_fusion_remd.nc.005
  trajectories/helix_fusion_remd.nc.006
  trajectories/helix_fusion_remd.nc.007
  trajectories/helix_fusion_remd.nc.008
  trajectories/helix_fusion_remd.nc.009
  trajectories/helix_fusion_remd.nc.010
  trajectories/helix_fusion_remd.nc.011
  trajectories/helix_fusion_remd.nc.012
  trajectories/helix_fusion_remd.nc.013
  trajectories/helix_fusion_remd.nc.014
  trajectories/helix_fusion_remd.nc.015
  trajectories/helix_fusion_remd.nc.016
  trajectories/helix_fusion_remd.nc.017
  trajectories/helix_fusion_remd.nc.018
  trajectories/helix_fusion_remd.nc.019
  trajectories/helix_fusion_remd.nc.020
  trajectories/helix_fusion_remd.nc.021
  trajectories/helix_fusion_remd.nc.022
  trajectories/helix_fusion_remd.nc.023
  trajectories/helix_fusion_remd.nc.024
  trajectories/helix_fusion_remd.nc.025
  trajectories/helix_fusion_remd.nc.026
  trajectories/helix_fusion_remd.nc.027
  trajectories/helix_fusion_remd.nc.028
  trajectories/helix_fusion_remd.nc.029
  trajectories/helix_fusion_remd.nc.030
  trajectories/helix_fusion_remd.nc.031
  trajectories/helix_fusion_remd.nc.032
  trajectories/helix_fusion_remd.nc.033
  trajectories/helix_fusion_remd.nc.034
  trajectories/helix_fusion_remd.nc.035
  trajectories/helix_fusion_remd.nc.036
  trajectories/helix_fusion_remd.nc.037
  trajectories/helix_fusion_remd.nc.038
  trajectories/helix_fusion_remd.nc.039
  trajectories/helix_fusion_remd.nc.040
  trajectories/helix_fusion_remd.nc.041
  trajectories/helix_fusion_remd.nc.042
  trajectories/helix_fusion_remd.nc.043
  trajectories/helix_fusion_remd.nc.044
  trajectories/helix_fusion_remd.nc.045
  trajectories/helix_fusion_remd.nc.046
  trajectories/helix_fusion_remd.nc.047

Step 1: Demultiplexing trajectory for 300K
------------------------------------------------------------------------
Running cpptraj (demultiplex) with: mpirun -n 48 cpptraj.MPI ...
[OK] Demultiplexed trajectory: analysis_demux_300K/helix_fusion_300K_raw.nc
[INFO] Frames: 100

Steps 2+4+5: Process / DSSP / Clustering (single MPI cpptraj run, 48 ranks)
------------------------------------------------------------------------
Running cpptraj (process+DSSP+cluster) with: mpirun -n 48 cpptraj.MPI ...
[OK] Combined analysis complete (process / DSSP / clustering)

Step 6: Plotting analyses
------------------------------------------------------------------------
Generating plots for demultiplexed trajectory...
[INFO] Using data file: rmsd_300K.dat
[INFO] Using data file: rmsf_300K.dat
[INFO] Using data file: rgyr_300K.dat
[INFO] Using data file: end_to_end_300K.dat
✓ rmsd_analysis_300K.png
✓ rmsf_analysis_300K.png
✓ rgyr_analysis_300K.png
✓ end_to_end_analysis_300K.png
✓ combined_overview_300K.png

✓ Plot generation complete.
  Pair      Temp1      Temp2      UP(i)    DOWN(i+1)    Mean%
  1-2       300.00     302.60      31.80        31.80    31.80
  2-3       302.60     305.22      30.60        30.60    30.60
  3-4       305.22     307.87      26.20        26.20    26.20
  4-5       307.87     310.53      28.60        28.60    28.60
  5-6       310.53     313.22      29.80        29.80    29.80
  6-7       313.22     315.94      29.40        29.40    29.40
  7-8       315.94     318.68      30.40        30.40    30.40
  8-9       318.68     321.44      27.20        27.20    27.20
  9-10      321.44     324.22      29.20        29.20    29.20
 10-11      324.22     327.03      34.00        34.00    34.00
 11-12      327.03     329.86      28.60        28.60    28.60
 12-13      329.86     332.72      32.20        32.20    32.20
 13-14      332.72     335.60      29.20        29.20    29.20
 14-15      335.60     338.51      26.20        26.20    26.20
 15-16      338.51     341.44      30.60        30.60    30.60
 16-17      341.44     344.40      25.60        25.60    25.60
 17-18      344.40     347.39      31.40        31.40    31.40
 18-19      347.39     350.40      26.40        26.40    26.40
 19-20      350.40     353.43      32.60        32.60    32.60
 20-21      353.43     356.50      32.20        32.20    32.20
 21-22      356.50     359.58      28.00        28.00    28.00
 22-23      359.58     362.70      28.00        28.00    28.00
 23-24      362.70     365.84      29.60        29.60    29.60
 24-25      365.84     369.01      31.00        31.00    31.00
 25-26      369.01     372.21      28.60        28.60    28.60
 26-27      372.21     375.43      29.60        29.60    29.60
 27-28      375.43     378.69      26.20        26.20    26.20
 28-29      378.69     381.97      29.60        29.60    29.60
 29-30      381.97     385.28      30.40        30.40    30.40
 30-31      385.28     388.62      28.00        28.00    28.00
 31-32      388.62     391.98      31.00        31.00    31.00
 32-33      391.98     395.38      26.80        26.80    26.80
 33-34      395.38     398.80      25.40        25.40    25.40
 34-35      398.80     402.26      32.80        32.80    32.80
 35-36      402.26     405.75      27.20        27.20    27.20
 36-37      405.75     409.26      26.40        26.40    26.40
 37-38      409.26     412.81      31.60        31.60    31.60
 38-39      412.81     416.38      31.20        31.20    31.20
 39-40      416.38     419.99      28.80        28.80    28.80
 40-41      419.99     423.63      28.00        28.00    28.00
 41-42      423.63     427.30      30.20        30.20    30.20
 42-43      427.30     431.00      29.40        29.40    29.40
 43-44      431.00     434.74      26.00        26.00    26.00
 44-45      434.74     438.50      24.40        24.40    24.40
 45-46      438.50     442.30      27.80        27.80    27.80
 46-47      442.30     446.13      32.40        32.40    32.40
 47-48      446.13     450.00      31.00        31.00    31.00

Wrote CSV: /orcd/pool/004/jhalpin/09-fragfold/RELE_simulations/amber_REMD/example/outputs/output_T-REMD/helix_fusion-1ns-REMD-300-450K-48reps-NPT/helix_fusion_rem_acceptance.csv
Saved plot: /orcd/pool/004/jhalpin/09-fragfold/RELE_simulations/amber_REMD/example/outputs/output_T-REMD/helix_fusion-1ns-REMD-300-450K-48reps-NPT/helix_fusion_rem_acceptance.png

[INFO] Mean pair acceptance (cpptraj-derived): 29.18%
Using MD folder: /orcd/pool/004/jhalpin/09-fragfold/RELE_simulations/amber_REMD/example/outputs/output_T-REMD/helix_fusion-1ns-REMD-300-450K-48reps-NPT
Processing folder: /orcd/pool/004/jhalpin/09-fragfold/RELE_simulations/amber_REMD/example/outputs/output_T-REMD/helix_fusion-1ns-REMD-300-450K-48reps-NPT/analysis_demux_300K
